<?xml version="1.0" encoding="UTF-8"?>
<!-- Generated by org.testng.reporters.JUnitXMLReporter -->
<testsuite ignored="0" hostname="Tenzins-MacBook-Pro.local" failures="0" tests="1" name="Command line test" time="0.028" errors="0" timestamp="2022-08-18T16:44:20 EDT">
  <testcase classname="com.walgreens.qa.base.BaseClass" name="@BeforeMethod setup" time="-1.660855460905E9">
    <failure type="org.testng.TestNGException" message="
Parameter &amp;apos;browser&amp;apos; is required by BeforeMethod on method setup but has not been marked @Optional or defined
">
      <![CDATA[org.testng.TestNGException: 
Parameter 'browser' is required by BeforeMethod on method setup but has not been marked @Optional or defined

at java.base/java.util.ArrayList.forEach(ArrayList.java:1511)
... Removed 37 stack frames]]>
    </failure>
  </testcase> <!-- @BeforeMethod setup -->
  <testcase classname="com.walgreens.qa.base.BaseClass" name="@AfterMethod terminate" time="-1.660855460912E9">
    <skipped/>
  </testcase> <!-- @AfterMethod terminate -->
  <testcase classname="com.walgreens.qa.cancelRegistration.CancelRegistrationTest" name="cancelRegistration" time="0.0">
    <skipped/>
  </testcase> <!-- cancelRegistration -->
</testsuite> <!-- Command line test -->
