<!DOCTYPE html PUBLIC "-//W3C//DTD XHTML 1.1//EN" "http://www.w3.org/TR/xhtml11/DTD/xhtml11.dtd">
<html xmlns="http://www.w3.org/1999/xhtml">
<head>
<meta http-equiv="content-type" content="text/html; charset=UTF-8"/>
<title>TestNG Report</title>
<style type="text/css">table {margin-bottom:10px;border-collapse:collapse;empty-cells:show}th,td {border:1px solid #009;padding:.25em .5em}th {vertical-align:bottom}td {vertical-align:top}table a {font-weight:bold}.stripe td {background-color: #E6EBF9}.num {text-align:right}.passedodd td {background-color: #3F3}.passedeven td {background-color: #0A0}.skippedodd td {background-color: #DDD}.skippedeven td {background-color: #CCC}.failedodd td,.attn {background-color: #F33}.failedeven td,.stripe .attn {background-color: #D00}.stacktrace {white-space:pre;font-family:monospace}.totop {font-size:85%;text-align:center;border-bottom:2px solid #000}.invisible {display:none}</style>
</head>
<body>
<table>
<tr><th>Test</th><th># Passed</th><th># Skipped</th><th># Retried</th><th># Failed</th><th>Time (ms)</th><th>Included Groups</th><th>Excluded Groups</th></tr>
<tr><th colspan="8">CrossBrowserSuite</th></tr>
<tr><td><a href="#t0">ChromeTest</a></td><td class="num">1</td><td class="num">0</td><td class="num">0</td><td class="num">0</td><td class="num">11,179</td><td></td><td></td></tr>
<tr class="stripe"><td><a href="#t1">FirefoxTest</a></td><td class="num">1</td><td class="num">0</td><td class="num">0</td><td class="num">0</td><td class="num">13,546</td><td></td><td></td></tr>
<tr><td><a href="#t2">SafariTest</a></td><td class="num">0</td><td class="num attn">1</td><td class="num">0</td><td class="num">0</td><td class="num">410</td><td></td><td></td></tr>
<tr class="stripe"><td><a href="#t3">EdgeTest</a></td><td class="num">0</td><td class="num attn">1</td><td class="num">0</td><td class="num">0</td><td class="num">6,755</td><td></td><td></td></tr>
<tr><th>Total</th><th class="num">2</th><th class="num attn">2</th><th class="num">0</th><th class="num">0</th><th class="num">31,890</th><th colspan="2"></th></tr>
</table>
<table id='summary'><thead><tr><th>Class</th><th>Method</th><th>Start</th><th>Time (ms)</th></tr></thead><tbody><tr><th colspan="4">CrossBrowserSuite</th></tr></tbody><tbody id="t0"><tr><th colspan="4">ChromeTest &#8212; passed</th></tr><tr class="passedeven"><td rowspan="1">com.walgreens.qa.register.RegistrationTestParameter</td><td><a href="#m0">register</a></td><td rowspan="1">1660856477014</td><td rowspan="1">4772</td></tr></tbody>
<tbody id="t1"><tr><th colspan="4">FirefoxTest &#8212; passed</th></tr><tr class="passedeven"><td rowspan="1">com.walgreens.qa.register.RegistrationTestParameter</td><td><a href="#m1">register</a></td><td rowspan="1">1660856489310</td><td rowspan="1">5497</td></tr></tbody>
<tbody id="t2"><tr><th colspan="4">SafariTest &#8212; failed (configuration methods)</th></tr><tr class="failedeven"><td rowspan="1">com.walgreens.qa.register.RegistrationTestParameter</td><td><a href="#m2">setup</a></td><td rowspan="1">1660856495540</td><td rowspan="1">381</td></tr><tr><th colspan="4">SafariTest &#8212; skipped (configuration methods)</th></tr><tr class="skippedeven"><td rowspan="1">com.walgreens.qa.register.RegistrationTestParameter</td><td><a href="#m3">terminate</a></td><td rowspan="1">1660856495947</td><td rowspan="1">-1660856495947</td></tr><tr><th colspan="4">SafariTest &#8212; skipped</th></tr><tr class="skippedeven"><td rowspan="1">com.walgreens.qa.register.RegistrationTestParameter</td><td><a href="#m4">register</a></td><td rowspan="1">1660856495943</td><td rowspan="1">0</td></tr></tbody>
<tbody id="t3"><tr><th colspan="4">EdgeTest &#8212; failed (configuration methods)</th></tr><tr class="failedeven"><td rowspan="1">com.walgreens.qa.register.RegistrationTestParameter</td><td><a href="#m5">setup</a></td><td rowspan="1">1660856495965</td><td rowspan="1">6744</td></tr><tr><th colspan="4">EdgeTest &#8212; skipped (configuration methods)</th></tr><tr class="skippedeven"><td rowspan="1">com.walgreens.qa.register.RegistrationTestParameter</td><td><a href="#m6">terminate</a></td><td rowspan="1">1660856502718</td><td rowspan="1">-1660856502718</td></tr><tr><th colspan="4">EdgeTest &#8212; skipped</th></tr><tr class="skippedeven"><td rowspan="1">com.walgreens.qa.register.RegistrationTestParameter</td><td><a href="#m7">register</a></td><td rowspan="1">1660856502713</td><td rowspan="1">0</td></tr></tbody>
</table>
<h2>ChromeTest</h2><h3 id="m0">com.walgreens.qa.register.RegistrationTestParameter#register</h3><table class="result"><tr><th>Messages</th></tr><tr><td><div class="messages">Waiting for the element to be clickable ---> [[ChromeDriver: chrome on MAC (1422c52dba5095e537d3afd512608a84)] -> xpath: //strong[contains(text(),'Account')]]<br><br/>[[ChromeDriver: chrome on MAC (1422c52dba5095e537d3afd512608a84)] -> xpath: //strong[contains(text(),'Account')]] : This element has been clicked<br><br/>Waiting for the element to be clickable ---> [[ChromeDriver: chrome on MAC (1422c52dba5095e537d3afd512608a84)] -> xpath: //a[@id='pf-dropdown-register']]<br><br/>[[ChromeDriver: chrome on MAC (1422c52dba5095e537d3afd512608a84)] -> xpath: //a[@id='pf-dropdown-register']] : This element has been clicked<br><br/>[[ChromeDriver: chrome on MAC (1422c52dba5095e537d3afd512608a84)] -> xpath: //h1[text()='Create Your Walgreens.com Account']] : has value ---> Create Your Walgreens.com Account<br><br/>Tenzin : This values has been passed into ---> [[ChromeDriver: chrome on MAC (1422c52dba5095e537d3afd512608a84)] -> xpath: //input[@id='wag-RXUser-firstname']]<br><br/>Nyandak : This values has been passed into ---> [[ChromeDriver: chrome on MAC (1422c52dba5095e537d3afd512608a84)] -> xpath: //input[@id='wag-RXUser-lastname']]<br><br/>tenzinbmx@gmail.com : This values has been passed into ---> [[ChromeDriver: chrome on MAC (1422c52dba5095e537d3afd512608a84)] -> xpath: //input[@id='wag-email']]<br><br/>Walgreens123 : This values has been passed into ---> [[ChromeDriver: chrome on MAC (1422c52dba5095e537d3afd512608a84)] -> xpath: //input[@id='wag-password']]<br><br/>[[ChromeDriver: chrome on MAC (1422c52dba5095e537d3afd512608a84)] -> xpath: //input[@id='wag-terms-checkbox']] : This element has been clicked<br><br/>Waiting for the element to be clickable ---> [[ChromeDriver: chrome on MAC (1422c52dba5095e537d3afd512608a84)] -> xpath: //a[@id='wag-rxuser-continue-btm']]<br><br/>[[ChromeDriver: chrome on MAC (1422c52dba5095e537d3afd512608a84)] -> xpath: //a[@id='wag-rxuser-continue-btm']] : This element has been clicked<br></div></td></tr></table><p class="totop"><a href="#summary">back to summary</a></p>
<h2>FirefoxTest</h2><h3 id="m1">com.walgreens.qa.register.RegistrationTestParameter#register</h3><table class="result"><tr><th>Messages</th></tr><tr><td><div class="messages">Waiting for the element to be clickable ---> [[FirefoxDriver: firefox on MAC (e5f60239-53d8-4909-8bbb-50a79150a492)] -> xpath: //strong[contains(text(),'Account')]]<br><br/>[[FirefoxDriver: firefox on MAC (e5f60239-53d8-4909-8bbb-50a79150a492)] -> xpath: //strong[contains(text(),'Account')]] : This element has been clicked<br><br/>Waiting for the element to be clickable ---> [[FirefoxDriver: firefox on MAC (e5f60239-53d8-4909-8bbb-50a79150a492)] -> xpath: //a[@id='pf-dropdown-register']]<br><br/>[[FirefoxDriver: firefox on MAC (e5f60239-53d8-4909-8bbb-50a79150a492)] -> xpath: //a[@id='pf-dropdown-register']] : This element has been clicked<br><br/>[[FirefoxDriver: firefox on MAC (e5f60239-53d8-4909-8bbb-50a79150a492)] -> xpath: //h1[text()='Create Your Walgreens.com Account']] : has value ---> Create Your Walgreens.com Account<br><br/>Tenzin : This values has been passed into ---> [[FirefoxDriver: firefox on MAC (e5f60239-53d8-4909-8bbb-50a79150a492)] -> xpath: //input[@id='wag-RXUser-firstname']]<br><br/>Nyandak : This values has been passed into ---> [[FirefoxDriver: firefox on MAC (e5f60239-53d8-4909-8bbb-50a79150a492)] -> xpath: //input[@id='wag-RXUser-lastname']]<br><br/>tenzinbmx@gmail.com : This values has been passed into ---> [[FirefoxDriver: firefox on MAC (e5f60239-53d8-4909-8bbb-50a79150a492)] -> xpath: //input[@id='wag-email']]<br><br/>Walgreens123 : This values has been passed into ---> [[FirefoxDriver: firefox on MAC (e5f60239-53d8-4909-8bbb-50a79150a492)] -> xpath: //input[@id='wag-password']]<br><br/>[[FirefoxDriver: firefox on MAC (e5f60239-53d8-4909-8bbb-50a79150a492)] -> xpath: //input[@id='wag-terms-checkbox']] : This element has been clicked<br><br/>Waiting for the element to be clickable ---> [[FirefoxDriver: firefox on MAC (e5f60239-53d8-4909-8bbb-50a79150a492)] -> xpath: //a[@id='wag-rxuser-continue-btm']]<br><br/>[[FirefoxDriver: firefox on MAC (e5f60239-53d8-4909-8bbb-50a79150a492)] -> xpath: //a[@id='wag-rxuser-continue-btm']] : This element has been clicked<br></div></td></tr></table><p class="totop"><a href="#summary">back to summary</a></p>
<h2>SafariTest</h2><h3 id="m2">com.walgreens.qa.register.RegistrationTestParameter#setup</h3><table class="result"><tr class="param"><th>Parameter #1</th></tr><tr class="param stripe"><td>safari</td></tr><tr><th>Exception</th></tr><tr><td><div class="stacktrace">org.openqa.selenium.SessionNotCreatedException: Could not start a new session. Response code 500. Message: Could not create a session: You must enable the &apos;Allow Remote Automation&apos; option in Safari&apos;s Develop menu to control Safari via WebDriver.
Build info: version: &apos;4.3.0&apos;, revision: &apos;a4995e2c09*&apos;
System info: host: &apos;Tenzins-MacBook-Pro.local&apos;, ip: &apos;fe80:0:0:0:1437:3389:ce4d:7b3a%en0&apos;, os.name: &apos;Mac OS X&apos;, os.arch: &apos;x86_64&apos;, os.version: &apos;12.4&apos;, java.version: &apos;1.8.0_341&apos;
Driver info: org.openqa.selenium.safari.SafariDriver
Command: [null, newSession {capabilities=[Capabilities {browserName: safari}], desiredCapabilities=Capabilities {browserName: safari}}]
Capabilities {}
	at org.openqa.selenium.remote.ProtocolHandshake.createSession(ProtocolHandshake.java:144)
	at org.openqa.selenium.remote.ProtocolHandshake.createSession(ProtocolHandshake.java:102)
	at org.openqa.selenium.remote.ProtocolHandshake.createSession(ProtocolHandshake.java:67)
	at org.openqa.selenium.remote.HttpCommandExecutor.execute(HttpCommandExecutor.java:156)
	at org.openqa.selenium.remote.service.DriverCommandExecutor.invokeExecute(DriverCommandExecutor.java:167)
	at org.openqa.selenium.remote.service.DriverCommandExecutor.execute(DriverCommandExecutor.java:142)
	at org.openqa.selenium.remote.RemoteWebDriver.execute(RemoteWebDriver.java:569)
	at org.openqa.selenium.remote.RemoteWebDriver.startSession(RemoteWebDriver.java:264)
	at org.openqa.selenium.remote.RemoteWebDriver.&lt;init&gt;(RemoteWebDriver.java:179)
	at org.openqa.selenium.safari.SafariDriver.&lt;init&gt;(SafariDriver.java:79)
	at org.openqa.selenium.safari.SafariDriver.&lt;init&gt;(SafariDriver.java:58)
	at org.openqa.selenium.safari.SafariDriver.&lt;init&gt;(SafariDriver.java:49)
	at com.walgreens.qa.base.BaseClass.localDriver(BaseClass.java:62)
	at com.walgreens.qa.base.BaseClass.setup(BaseClass.java:38)
	at java.util.ArrayList.forEach(ArrayList.java:1259)
... Removed 31 stack frames</div></td></tr></table><p class="totop"><a href="#summary">back to summary</a></p>
<h3 id="m3">com.walgreens.qa.register.RegistrationTestParameter#terminate</h3><table class="result"><tr><th class="invisible"/></tr></table><p class="totop"><a href="#summary">back to summary</a></p>
<h3 id="m4">com.walgreens.qa.register.RegistrationTestParameter#register</h3><table class="result"><tr><th>Exception</th></tr><tr><td><div class="stacktrace">org.openqa.selenium.SessionNotCreatedException: Could not start a new session. Response code 500. Message: Could not create a session: You must enable the &apos;Allow Remote Automation&apos; option in Safari&apos;s Develop menu to control Safari via WebDriver.
Build info: version: &apos;4.3.0&apos;, revision: &apos;a4995e2c09*&apos;
System info: host: &apos;Tenzins-MacBook-Pro.local&apos;, ip: &apos;fe80:0:0:0:1437:3389:ce4d:7b3a%en0&apos;, os.name: &apos;Mac OS X&apos;, os.arch: &apos;x86_64&apos;, os.version: &apos;12.4&apos;, java.version: &apos;1.8.0_341&apos;
Driver info: org.openqa.selenium.safari.SafariDriver
Command: [null, newSession {capabilities=[Capabilities {browserName: safari}], desiredCapabilities=Capabilities {browserName: safari}}]
Capabilities {}
	at org.openqa.selenium.remote.ProtocolHandshake.createSession(ProtocolHandshake.java:144)
	at org.openqa.selenium.remote.ProtocolHandshake.createSession(ProtocolHandshake.java:102)
	at org.openqa.selenium.remote.ProtocolHandshake.createSession(ProtocolHandshake.java:67)
	at org.openqa.selenium.remote.HttpCommandExecutor.execute(HttpCommandExecutor.java:156)
	at org.openqa.selenium.remote.service.DriverCommandExecutor.invokeExecute(DriverCommandExecutor.java:167)
	at org.openqa.selenium.remote.service.DriverCommandExecutor.execute(DriverCommandExecutor.java:142)
	at org.openqa.selenium.remote.RemoteWebDriver.execute(RemoteWebDriver.java:569)
	at org.openqa.selenium.remote.RemoteWebDriver.startSession(RemoteWebDriver.java:264)
	at org.openqa.selenium.remote.RemoteWebDriver.&lt;init&gt;(RemoteWebDriver.java:179)
	at org.openqa.selenium.safari.SafariDriver.&lt;init&gt;(SafariDriver.java:79)
	at org.openqa.selenium.safari.SafariDriver.&lt;init&gt;(SafariDriver.java:58)
	at org.openqa.selenium.safari.SafariDriver.&lt;init&gt;(SafariDriver.java:49)
	at com.walgreens.qa.base.BaseClass.localDriver(BaseClass.java:62)
	at com.walgreens.qa.base.BaseClass.setup(BaseClass.java:38)
	at java.util.ArrayList.forEach(ArrayList.java:1259)
... Removed 31 stack frames</div></td></tr></table><p class="totop"><a href="#summary">back to summary</a></p>
<h2>EdgeTest</h2><h3 id="m5">com.walgreens.qa.register.RegistrationTestParameter#setup</h3><table class="result"><tr class="param"><th>Parameter #1</th></tr><tr class="param stripe"><td>edge</td></tr><tr><th>Exception</th></tr><tr><td><div class="stacktrace">org.openqa.selenium.SessionNotCreatedException: Could not start a new session. Response code 500. Message: unknown error: cannot find msedge binary
Build info: version: &apos;4.3.0&apos;, revision: &apos;a4995e2c09*&apos;
System info: host: &apos;Tenzins-MacBook-Pro.local&apos;, ip: &apos;fe80:0:0:0:1437:3389:ce4d:7b3a%en0&apos;, os.name: &apos;Mac OS X&apos;, os.arch: &apos;x86_64&apos;, os.version: &apos;12.4&apos;, java.version: &apos;1.8.0_341&apos;
Driver info: org.openqa.selenium.edge.EdgeDriver
Command: [null, newSession {capabilities=[Capabilities {browserName: MicrosoftEdge, ms:edgeOptions: {args: [], extensions: []}}], desiredCapabilities=Capabilities {browserName: MicrosoftEdge, ms:edgeOptions: {args: [], extensions: []}}}]
	at org.openqa.selenium.remote.ProtocolHandshake.createSession(ProtocolHandshake.java:144)
	at org.openqa.selenium.remote.ProtocolHandshake.createSession(ProtocolHandshake.java:102)
	at org.openqa.selenium.remote.ProtocolHandshake.createSession(ProtocolHandshake.java:67)
	at org.openqa.selenium.remote.HttpCommandExecutor.execute(HttpCommandExecutor.java:156)
	at org.openqa.selenium.remote.service.DriverCommandExecutor.invokeExecute(DriverCommandExecutor.java:167)
	at org.openqa.selenium.remote.service.DriverCommandExecutor.execute(DriverCommandExecutor.java:142)
	at org.openqa.selenium.remote.RemoteWebDriver.execute(RemoteWebDriver.java:569)
	at org.openqa.selenium.remote.RemoteWebDriver.startSession(RemoteWebDriver.java:264)
	at org.openqa.selenium.remote.RemoteWebDriver.&lt;init&gt;(RemoteWebDriver.java:179)
	at org.openqa.selenium.chromium.ChromiumDriver.&lt;init&gt;(ChromiumDriver.java:101)
	at org.openqa.selenium.edge.EdgeDriver.&lt;init&gt;(EdgeDriver.java:54)
	at org.openqa.selenium.edge.EdgeDriver.&lt;init&gt;(EdgeDriver.java:46)
	at org.openqa.selenium.edge.EdgeDriver.&lt;init&gt;(EdgeDriver.java:42)
	at com.walgreens.qa.base.BaseClass.localDriver(BaseClass.java:56)
	at com.walgreens.qa.base.BaseClass.setup(BaseClass.java:38)
	at java.util.ArrayList.forEach(ArrayList.java:1259)
... Removed 31 stack frames</div></td></tr></table><p class="totop"><a href="#summary">back to summary</a></p>
<h3 id="m6">com.walgreens.qa.register.RegistrationTestParameter#terminate</h3><table class="result"><tr><th class="invisible"/></tr></table><p class="totop"><a href="#summary">back to summary</a></p>
<h3 id="m7">com.walgreens.qa.register.RegistrationTestParameter#register</h3><table class="result"><tr><th>Exception</th></tr><tr><td><div class="stacktrace">org.openqa.selenium.SessionNotCreatedException: Could not start a new session. Response code 500. Message: unknown error: cannot find msedge binary
Build info: version: &apos;4.3.0&apos;, revision: &apos;a4995e2c09*&apos;
System info: host: &apos;Tenzins-MacBook-Pro.local&apos;, ip: &apos;fe80:0:0:0:1437:3389:ce4d:7b3a%en0&apos;, os.name: &apos;Mac OS X&apos;, os.arch: &apos;x86_64&apos;, os.version: &apos;12.4&apos;, java.version: &apos;1.8.0_341&apos;
Driver info: org.openqa.selenium.edge.EdgeDriver
Command: [null, newSession {capabilities=[Capabilities {browserName: MicrosoftEdge, ms:edgeOptions: {args: [], extensions: []}}], desiredCapabilities=Capabilities {browserName: MicrosoftEdge, ms:edgeOptions: {args: [], extensions: []}}}]
	at org.openqa.selenium.remote.ProtocolHandshake.createSession(ProtocolHandshake.java:144)
	at org.openqa.selenium.remote.ProtocolHandshake.createSession(ProtocolHandshake.java:102)
	at org.openqa.selenium.remote.ProtocolHandshake.createSession(ProtocolHandshake.java:67)
	at org.openqa.selenium.remote.HttpCommandExecutor.execute(HttpCommandExecutor.java:156)
	at org.openqa.selenium.remote.service.DriverCommandExecutor.invokeExecute(DriverCommandExecutor.java:167)
	at org.openqa.selenium.remote.service.DriverCommandExecutor.execute(DriverCommandExecutor.java:142)
	at org.openqa.selenium.remote.RemoteWebDriver.execute(RemoteWebDriver.java:569)
	at org.openqa.selenium.remote.RemoteWebDriver.startSession(RemoteWebDriver.java:264)
	at org.openqa.selenium.remote.RemoteWebDriver.&lt;init&gt;(RemoteWebDriver.java:179)
	at org.openqa.selenium.chromium.ChromiumDriver.&lt;init&gt;(ChromiumDriver.java:101)
	at org.openqa.selenium.edge.EdgeDriver.&lt;init&gt;(EdgeDriver.java:54)
	at org.openqa.selenium.edge.EdgeDriver.&lt;init&gt;(EdgeDriver.java:46)
	at org.openqa.selenium.edge.EdgeDriver.&lt;init&gt;(EdgeDriver.java:42)
	at com.walgreens.qa.base.BaseClass.localDriver(BaseClass.java:56)
	at com.walgreens.qa.base.BaseClass.setup(BaseClass.java:38)
	at java.util.ArrayList.forEach(ArrayList.java:1259)
... Removed 31 stack frames</div></td></tr></table><p class="totop"><a href="#summary">back to summary</a></p>
</body>
</html>
