<?xml version="1.0" encoding="UTF-8"?>
<!-- Generated by org.testng.reporters.JUnitReportReporter -->
<testsuite skipped="2" hostname="Tenzins-MacBook-Pro.local" name="com.walgreens.qa.register.RegistrationTestParameter" tests="6" failures="0" timestamp="2022-08-18T17:01:42 EDT" time="31.806" errors="2">
  <testcase name="register" time="11.141" classname="com.walgreens.qa.register.RegistrationTestParameter"/>
  <system-out>
Waiting for the element to be clickable ---> [[ChromeDriver: chrome on MAC (1422c52dba5095e537d3afd512608a84)] -> xpath: //strong[contains(text(),'Account')]]<br> [[ChromeDriver: chrome on MAC (1422c52dba5095e537d3afd512608a84)] -> xpath: //strong[contains(text(),'Account')]] : This element has been clicked<br> Waiting for the element to be clickable ---> [[ChromeDriver: chrome on MAC (1422c52dba5095e537d3afd512608a84)] -> xpath: //a[@id='pf-dropdown-register']]<br> [[ChromeDriver: chrome on MAC (1422c52dba5095e537d3afd512608a84)] -> xpath: //a[@id='pf-dropdown-register']] : This element has been clicked<br> [[ChromeDriver: chrome on MAC (1422c52dba5095e537d3afd512608a84)] -> xpath: //h1[text()='Create Your Walgreens.com Account']] : has value ---> Create Your Walgreens.com Account<br> Tenzin : This values has been passed into ---> [[ChromeDriver: chrome on MAC (1422c52dba5095e537d3afd512608a84)] -> xpath: //input[@id='wag-RXUser-firstname']]<br> Nyandak : This values has been passed into ---> [[ChromeDriver: chrome on MAC (1422c52dba5095e537d3afd512608a84)] -> xpath: //input[@id='wag-RXUser-lastname']]<br> tenzinbmx@gmail.com : This values has been passed into ---> [[ChromeDriver: chrome on MAC (1422c52dba5095e537d3afd512608a84)] -> xpath: //input[@id='wag-email']]<br> Walgreens123 : This values has been passed into ---> [[ChromeDriver: chrome on MAC (1422c52dba5095e537d3afd512608a84)] -> xpath: //input[@id='wag-password']]<br> [[ChromeDriver: chrome on MAC (1422c52dba5095e537d3afd512608a84)] -> xpath: //input[@id='wag-terms-checkbox']] : This element has been clicked<br> Waiting for the element to be clickable ---> [[ChromeDriver: chrome on MAC (1422c52dba5095e537d3afd512608a84)] -> xpath: //a[@id='wag-rxuser-continue-btm']]<br> [[ChromeDriver: chrome on MAC (1422c52dba5095e537d3afd512608a84)] -> xpath: //a[@id='wag-rxuser-continue-btm']] : This element has been clicked<br>  </system-out>
  <testcase name="setup" time="0.381" classname="com.walgreens.qa.register.RegistrationTestParameter">
    <error type="org.openqa.selenium.SessionNotCreatedException" message="Could not start a new session. Response code 500. Message: Could not create a session: You must enable the &#039;Allow Remote Automation&#039; option in Safari&#039;s Develop menu to control Safari via WebDriver.
Build info: version: &#039;4.3.0&#039;, revision: &#039;a4995e2c09*&#039;
System info: host: &#039;Tenzins-MacBook-Pro.local&#039;, ip: &#039;fe80:0:0:0:1437:3389:ce4d:7b3a%en0&#039;, os.name: &#039;Mac OS X&#039;, os.arch: &#039;x86_64&#039;, os.version: &#039;12.4&#039;, java.version: &#039;1.8.0_341&#039;
Driver info: org.openqa.selenium.safari.SafariDriver
Command: [null, newSession {capabilities=[Capabilities {browserName: safari}], desiredCapabilities=Capabilities {browserName: safari}}]
Capabilities {}">
      <![CDATA[org.openqa.selenium.SessionNotCreatedException: Could not start a new session. Response code 500. Message: Could not create a session: You must enable the 'Allow Remote Automation' option in Safari's Develop menu to control Safari via WebDriver.
Build info: version: '4.3.0', revision: 'a4995e2c09*'
System info: host: 'Tenzins-MacBook-Pro.local', ip: 'fe80:0:0:0:1437:3389:ce4d:7b3a%en0', os.name: 'Mac OS X', os.arch: 'x86_64', os.version: '12.4', java.version: '1.8.0_341'
Driver info: org.openqa.selenium.safari.SafariDriver
Command: [null, newSession {capabilities=[Capabilities {browserName: safari}], desiredCapabilities=Capabilities {browserName: safari}}]
Capabilities {}
at org.openqa.selenium.remote.ProtocolHandshake.createSession(ProtocolHandshake.java:144)
at org.openqa.selenium.remote.ProtocolHandshake.createSession(ProtocolHandshake.java:102)
at org.openqa.selenium.remote.ProtocolHandshake.createSession(ProtocolHandshake.java:67)
at org.openqa.selenium.remote.HttpCommandExecutor.execute(HttpCommandExecutor.java:156)
at org.openqa.selenium.remote.service.DriverCommandExecutor.invokeExecute(DriverCommandExecutor.java:167)
at org.openqa.selenium.remote.service.DriverCommandExecutor.execute(DriverCommandExecutor.java:142)
at org.openqa.selenium.remote.RemoteWebDriver.execute(RemoteWebDriver.java:569)
at org.openqa.selenium.remote.RemoteWebDriver.startSession(RemoteWebDriver.java:264)
at org.openqa.selenium.remote.RemoteWebDriver.<init>(RemoteWebDriver.java:179)
at org.openqa.selenium.safari.SafariDriver.<init>(SafariDriver.java:79)
at org.openqa.selenium.safari.SafariDriver.<init>(SafariDriver.java:58)
at org.openqa.selenium.safari.SafariDriver.<init>(SafariDriver.java:49)
at com.walgreens.qa.base.BaseClass.localDriver(BaseClass.java:62)
at com.walgreens.qa.base.BaseClass.setup(BaseClass.java:38)
at sun.reflect.NativeMethodAccessorImpl.invoke0(Native Method)
at sun.reflect.NativeMethodAccessorImpl.invoke(NativeMethodAccessorImpl.java:62)
at sun.reflect.DelegatingMethodAccessorImpl.invoke(DelegatingMethodAccessorImpl.java:43)
at java.lang.reflect.Method.invoke(Method.java:498)
at org.testng.internal.MethodInvocationHelper.invokeMethod(MethodInvocationHelper.java:134)
at org.testng.internal.MethodInvocationHelper.invokeMethodConsideringTimeout(MethodInvocationHelper.java:63)
at org.testng.internal.ConfigInvoker.invokeConfigurationMethod(ConfigInvoker.java:348)
at org.testng.internal.ConfigInvoker.invokeConfigurations(ConfigInvoker.java:302)
at org.testng.internal.TestInvoker.runConfigMethods(TestInvoker.java:695)
at org.testng.internal.TestInvoker.invokeMethod(TestInvoker.java:523)
at org.testng.internal.TestInvoker.invokeTestMethod(TestInvoker.java:173)
at org.testng.internal.MethodRunner.runInSequence(MethodRunner.java:46)
at org.testng.internal.TestInvoker$MethodInvocationAgent.invoke(TestInvoker.java:816)
at org.testng.internal.TestInvoker.invokeTestMethods(TestInvoker.java:146)
at org.testng.internal.TestMethodWorker.invokeTestMethods(TestMethodWorker.java:146)
at org.testng.internal.TestMethodWorker.run(TestMethodWorker.java:128)
at java.util.ArrayList.forEach(ArrayList.java:1259)
at org.testng.TestRunner.privateRun(TestRunner.java:766)
at org.testng.TestRunner.run(TestRunner.java:587)
at org.testng.SuiteRunner.runTest(SuiteRunner.java:384)
at org.testng.SuiteRunner.runSequentially(SuiteRunner.java:378)
at org.testng.SuiteRunner.privateRun(SuiteRunner.java:337)
at org.testng.SuiteRunner.run(SuiteRunner.java:286)
at org.testng.SuiteRunnerWorker.runSuite(SuiteRunnerWorker.java:53)
at org.testng.SuiteRunnerWorker.run(SuiteRunnerWorker.java:96)
at org.testng.TestNG.runSuitesSequentially(TestNG.java:1187)
at org.testng.TestNG.runSuitesLocally(TestNG.java:1109)
at org.testng.TestNG.runSuites(TestNG.java:1039)
at org.testng.TestNG.run(TestNG.java:1007)
at org.testng.remote.AbstractRemoteTestNG.run(AbstractRemoteTestNG.java:115)
at org.testng.remote.RemoteTestNG.initAndRun(RemoteTestNG.java:251)
at org.testng.remote.RemoteTestNG.main(RemoteTestNG.java:77)
]]>
    </error>
  </testcase> <!-- setup -->
  <system-out/>
  <testcase name="register" time="0.000" classname="com.walgreens.qa.register.RegistrationTestParameter">
    <skipped/>
  </testcase> <!-- register -->
  <system-out/>
  <testcase name="setup" time="6.744" classname="com.walgreens.qa.register.RegistrationTestParameter">
    <error type="org.openqa.selenium.SessionNotCreatedException" message="Could not start a new session. Response code 500. Message: unknown error: cannot find msedge binary
Build info: version: &#039;4.3.0&#039;, revision: &#039;a4995e2c09*&#039;
System info: host: &#039;Tenzins-MacBook-Pro.local&#039;, ip: &#039;fe80:0:0:0:1437:3389:ce4d:7b3a%en0&#039;, os.name: &#039;Mac OS X&#039;, os.arch: &#039;x86_64&#039;, os.version: &#039;12.4&#039;, java.version: &#039;1.8.0_341&#039;
Driver info: org.openqa.selenium.edge.EdgeDriver
Command: [null, newSession {capabilities=[Capabilities {browserName: MicrosoftEdge, ms:edgeOptions: {args: [], extensions: []}}], desiredCapabilities=Capabilities {browserName: MicrosoftEdge, ms:edgeOptions: {args: [], extensions: []}}}]">
      <![CDATA[org.openqa.selenium.SessionNotCreatedException: Could not start a new session. Response code 500. Message: unknown error: cannot find msedge binary
Build info: version: '4.3.0', revision: 'a4995e2c09*'
System info: host: 'Tenzins-MacBook-Pro.local', ip: 'fe80:0:0:0:1437:3389:ce4d:7b3a%en0', os.name: 'Mac OS X', os.arch: 'x86_64', os.version: '12.4', java.version: '1.8.0_341'
Driver info: org.openqa.selenium.edge.EdgeDriver
Command: [null, newSession {capabilities=[Capabilities {browserName: MicrosoftEdge, ms:edgeOptions: {args: [], extensions: []}}], desiredCapabilities=Capabilities {browserName: MicrosoftEdge, ms:edgeOptions: {args: [], extensions: []}}}]
at org.openqa.selenium.remote.ProtocolHandshake.createSession(ProtocolHandshake.java:144)
at org.openqa.selenium.remote.ProtocolHandshake.createSession(ProtocolHandshake.java:102)
at org.openqa.selenium.remote.ProtocolHandshake.createSession(ProtocolHandshake.java:67)
at org.openqa.selenium.remote.HttpCommandExecutor.execute(HttpCommandExecutor.java:156)
at org.openqa.selenium.remote.service.DriverCommandExecutor.invokeExecute(DriverCommandExecutor.java:167)
at org.openqa.selenium.remote.service.DriverCommandExecutor.execute(DriverCommandExecutor.java:142)
at org.openqa.selenium.remote.RemoteWebDriver.execute(RemoteWebDriver.java:569)
at org.openqa.selenium.remote.RemoteWebDriver.startSession(RemoteWebDriver.java:264)
at org.openqa.selenium.remote.RemoteWebDriver.<init>(RemoteWebDriver.java:179)
at org.openqa.selenium.chromium.ChromiumDriver.<init>(ChromiumDriver.java:101)
at org.openqa.selenium.edge.EdgeDriver.<init>(EdgeDriver.java:54)
at org.openqa.selenium.edge.EdgeDriver.<init>(EdgeDriver.java:46)
at org.openqa.selenium.edge.EdgeDriver.<init>(EdgeDriver.java:42)
at com.walgreens.qa.base.BaseClass.localDriver(BaseClass.java:56)
at com.walgreens.qa.base.BaseClass.setup(BaseClass.java:38)
at sun.reflect.NativeMethodAccessorImpl.invoke0(Native Method)
at sun.reflect.NativeMethodAccessorImpl.invoke(NativeMethodAccessorImpl.java:62)
at sun.reflect.DelegatingMethodAccessorImpl.invoke(DelegatingMethodAccessorImpl.java:43)
at java.lang.reflect.Method.invoke(Method.java:498)
at org.testng.internal.MethodInvocationHelper.invokeMethod(MethodInvocationHelper.java:134)
at org.testng.internal.MethodInvocationHelper.invokeMethodConsideringTimeout(MethodInvocationHelper.java:63)
at org.testng.internal.ConfigInvoker.invokeConfigurationMethod(ConfigInvoker.java:348)
at org.testng.internal.ConfigInvoker.invokeConfigurations(ConfigInvoker.java:302)
at org.testng.internal.TestInvoker.runConfigMethods(TestInvoker.java:695)
at org.testng.internal.TestInvoker.invokeMethod(TestInvoker.java:523)
at org.testng.internal.TestInvoker.invokeTestMethod(TestInvoker.java:173)
at org.testng.internal.MethodRunner.runInSequence(MethodRunner.java:46)
at org.testng.internal.TestInvoker$MethodInvocationAgent.invoke(TestInvoker.java:816)
at org.testng.internal.TestInvoker.invokeTestMethods(TestInvoker.java:146)
at org.testng.internal.TestMethodWorker.invokeTestMethods(TestMethodWorker.java:146)
at org.testng.internal.TestMethodWorker.run(TestMethodWorker.java:128)
at java.util.ArrayList.forEach(ArrayList.java:1259)
at org.testng.TestRunner.privateRun(TestRunner.java:766)
at org.testng.TestRunner.run(TestRunner.java:587)
at org.testng.SuiteRunner.runTest(SuiteRunner.java:384)
at org.testng.SuiteRunner.runSequentially(SuiteRunner.java:378)
at org.testng.SuiteRunner.privateRun(SuiteRunner.java:337)
at org.testng.SuiteRunner.run(SuiteRunner.java:286)
at org.testng.SuiteRunnerWorker.runSuite(SuiteRunnerWorker.java:53)
at org.testng.SuiteRunnerWorker.run(SuiteRunnerWorker.java:96)
at org.testng.TestNG.runSuitesSequentially(TestNG.java:1187)
at org.testng.TestNG.runSuitesLocally(TestNG.java:1109)
at org.testng.TestNG.runSuites(TestNG.java:1039)
at org.testng.TestNG.run(TestNG.java:1007)
at org.testng.remote.AbstractRemoteTestNG.run(AbstractRemoteTestNG.java:115)
at org.testng.remote.RemoteTestNG.initAndRun(RemoteTestNG.java:251)
at org.testng.remote.RemoteTestNG.main(RemoteTestNG.java:77)
]]>
    </error>
  </testcase> <!-- setup -->
  <system-out/>
  <testcase name="register" time="13.540" classname="com.walgreens.qa.register.RegistrationTestParameter"/>
  <system-out>
Waiting for the element to be clickable ---> [[FirefoxDriver: firefox on MAC (e5f60239-53d8-4909-8bbb-50a79150a492)] -> xpath: //strong[contains(text(),'Account')]]<br> [[FirefoxDriver: firefox on MAC (e5f60239-53d8-4909-8bbb-50a79150a492)] -> xpath: //strong[contains(text(),'Account')]] : This element has been clicked<br> Waiting for the element to be clickable ---> [[FirefoxDriver: firefox on MAC (e5f60239-53d8-4909-8bbb-50a79150a492)] -> xpath: //a[@id='pf-dropdown-register']]<br> [[FirefoxDriver: firefox on MAC (e5f60239-53d8-4909-8bbb-50a79150a492)] -> xpath: //a[@id='pf-dropdown-register']] : This element has been clicked<br> [[FirefoxDriver: firefox on MAC (e5f60239-53d8-4909-8bbb-50a79150a492)] -> xpath: //h1[text()='Create Your Walgreens.com Account']] : has value ---> Create Your Walgreens.com Account<br> Tenzin : This values has been passed into ---> [[FirefoxDriver: firefox on MAC (e5f60239-53d8-4909-8bbb-50a79150a492)] -> xpath: //input[@id='wag-RXUser-firstname']]<br> Nyandak : This values has been passed into ---> [[FirefoxDriver: firefox on MAC (e5f60239-53d8-4909-8bbb-50a79150a492)] -> xpath: //input[@id='wag-RXUser-lastname']]<br> tenzinbmx@gmail.com : This values has been passed into ---> [[FirefoxDriver: firefox on MAC (e5f60239-53d8-4909-8bbb-50a79150a492)] -> xpath: //input[@id='wag-email']]<br> Walgreens123 : This values has been passed into ---> [[FirefoxDriver: firefox on MAC (e5f60239-53d8-4909-8bbb-50a79150a492)] -> xpath: //input[@id='wag-password']]<br> [[FirefoxDriver: firefox on MAC (e5f60239-53d8-4909-8bbb-50a79150a492)] -> xpath: //input[@id='wag-terms-checkbox']] : This element has been clicked<br> Waiting for the element to be clickable ---> [[FirefoxDriver: firefox on MAC (e5f60239-53d8-4909-8bbb-50a79150a492)] -> xpath: //a[@id='wag-rxuser-continue-btm']]<br> [[FirefoxDriver: firefox on MAC (e5f60239-53d8-4909-8bbb-50a79150a492)] -> xpath: //a[@id='wag-rxuser-continue-btm']] : This element has been clicked<br>  </system-out>
  <testcase name="register" time="0.000" classname="com.walgreens.qa.register.RegistrationTestParameter">
    <skipped/>
  </testcase> <!-- register -->
  <system-out/>
</testsuite> <!-- com.walgreens.qa.register.RegistrationTestParameter -->
