<html>
<head>
<title>TestNG:  SafariTest</title>
<link href="../testng.css" rel="stylesheet" type="text/css" />
<link href="../my-testng.css" rel="stylesheet" type="text/css" />

<style type="text/css">
.log { display: none;} 
.stack-trace { display: none;} 
</style>
<script type="text/javascript">
<!--
function flip(e) {
  current = e.style.display;
  if (current == 'block') {
    e.style.display = 'none';
    return 0;
  }
  else {
    e.style.display = 'block';
    return 1;
  }
}

function toggleBox(szDivId, elem, msg1, msg2)
{
  var res = -1;  if (document.getElementById) {
    res = flip(document.getElementById(szDivId));
  }
  else if (document.all) {
    // this is the way old msie versions work
    res = flip(document.all[szDivId]);
  }
  if(elem) {
    if(res == 0) elem.innerHTML = msg1; else elem.innerHTML = msg2;
  }

}

function toggleAllBoxes() {
  if (document.getElementsByTagName) {
    d = document.getElementsByTagName('div');
    for (i = 0; i < d.length; i++) {
      if (d[i].className == 'log') {
        flip(d[i]);
      }
    }
  }
}

// -->
</script>

</head>
<body>
<h2 align='center'>SafariTest</h2><table border='1' align="center">
<tr>
<td>Tests passed/Failed/Skipped:</td><td>0/0/1</td>
</tr><tr>
<td>Started on:</td><td>Thu Aug 18 17:01:35 EDT 2022</td>
</tr>
<tr><td>Total time:</td><td>0 seconds (410 ms)</td>
</tr><tr>
<td>Included groups:</td><td></td>
</tr><tr>
<td>Excluded groups:</td><td></td>
</tr>
</table><p/>
<small><i>(Hover the method name to see the test class name)</i></small><p/>
<table width='100%' border='1' class='invocation-passed'>
<tr><td colspan='4' align='center'><b>PASSED TESTS</b></td></tr>
<tr><td><b>Test method</b></td>
<td width="30%"><b>Exception</b></td>
<td width="10%"><b>Time (seconds)</b></td>
<td><b>Instance</b></td>
</tr>
<tr>
<td title='com.walgreens.qa.register.RegistrationTestParameter.register()'><b>register</b><br>Test class: com.walgreens.qa.register.RegistrationTestParameter<br/>
<a href="#Output-1746117425" onClick='toggleBox("Output-1746117425", this, "Show output", "Hide output");'>Show output</a>

<a href="#Output-1746117425" onClick="toggleAllBoxes();">Show all outputs</a>
<div class='log' id="Output-1746117425">
Waiting for the element to be clickable ---> [[ChromeDriver: chrome on MAC (1422c52dba5095e537d3afd512608a84)] -> xpath: //strong[contains(text(),'Account')]]<br><br/>
[[ChromeDriver: chrome on MAC (1422c52dba5095e537d3afd512608a84)] -> xpath: //strong[contains(text(),'Account')]] : This element has been clicked<br><br/>
Waiting for the element to be clickable ---> [[ChromeDriver: chrome on MAC (1422c52dba5095e537d3afd512608a84)] -> xpath: //a[@id='pf-dropdown-register']]<br><br/>
[[ChromeDriver: chrome on MAC (1422c52dba5095e537d3afd512608a84)] -> xpath: //a[@id='pf-dropdown-register']] : This element has been clicked<br><br/>
[[ChromeDriver: chrome on MAC (1422c52dba5095e537d3afd512608a84)] -> xpath: //h1[text()='Create Your Walgreens.com Account']] : has value ---> Create Your Walgreens.com Account<br><br/>
Tenzin : This values has been passed into ---> [[ChromeDriver: chrome on MAC (1422c52dba5095e537d3afd512608a84)] -> xpath: //input[@id='wag-RXUser-firstname']]<br><br/>
Nyandak : This values has been passed into ---> [[ChromeDriver: chrome on MAC (1422c52dba5095e537d3afd512608a84)] -> xpath: //input[@id='wag-RXUser-lastname']]<br><br/>
tenzinbmx@gmail.com : This values has been passed into ---> [[ChromeDriver: chrome on MAC (1422c52dba5095e537d3afd512608a84)] -> xpath: //input[@id='wag-email']]<br><br/>
Walgreens123 : This values has been passed into ---> [[ChromeDriver: chrome on MAC (1422c52dba5095e537d3afd512608a84)] -> xpath: //input[@id='wag-password']]<br><br/>
[[ChromeDriver: chrome on MAC (1422c52dba5095e537d3afd512608a84)] -> xpath: //input[@id='wag-terms-checkbox']] : This element has been clicked<br><br/>
Waiting for the element to be clickable ---> [[ChromeDriver: chrome on MAC (1422c52dba5095e537d3afd512608a84)] -> xpath: //a[@id='wag-rxuser-continue-btm']]<br><br/>
[[ChromeDriver: chrome on MAC (1422c52dba5095e537d3afd512608a84)] -> xpath: //a[@id='wag-rxuser-continue-btm']] : This element has been clicked<br><br/>
</div>
</td>
<td></td>
<td>4</td>
<td>com.walgreens.qa.register.RegistrationTestParameter@7b69c6ba</td></tr>
<tr>
<td title='com.walgreens.qa.register.RegistrationTestParameter.register()'><b>register</b><br>Test class: com.walgreens.qa.register.RegistrationTestParameter<br/>
<a href="#Output-737756161" onClick='toggleBox("Output-737756161", this, "Show output", "Hide output");'>Show output</a>

<a href="#Output-737756161" onClick="toggleAllBoxes();">Show all outputs</a>
<div class='log' id="Output-737756161">
Waiting for the element to be clickable ---> [[FirefoxDriver: firefox on MAC (e5f60239-53d8-4909-8bbb-50a79150a492)] -> xpath: //strong[contains(text(),'Account')]]<br><br/>
[[FirefoxDriver: firefox on MAC (e5f60239-53d8-4909-8bbb-50a79150a492)] -> xpath: //strong[contains(text(),'Account')]] : This element has been clicked<br><br/>
Waiting for the element to be clickable ---> [[FirefoxDriver: firefox on MAC (e5f60239-53d8-4909-8bbb-50a79150a492)] -> xpath: //a[@id='pf-dropdown-register']]<br><br/>
[[FirefoxDriver: firefox on MAC (e5f60239-53d8-4909-8bbb-50a79150a492)] -> xpath: //a[@id='pf-dropdown-register']] : This element has been clicked<br><br/>
[[FirefoxDriver: firefox on MAC (e5f60239-53d8-4909-8bbb-50a79150a492)] -> xpath: //h1[text()='Create Your Walgreens.com Account']] : has value ---> Create Your Walgreens.com Account<br><br/>
Tenzin : This values has been passed into ---> [[FirefoxDriver: firefox on MAC (e5f60239-53d8-4909-8bbb-50a79150a492)] -> xpath: //input[@id='wag-RXUser-firstname']]<br><br/>
Nyandak : This values has been passed into ---> [[FirefoxDriver: firefox on MAC (e5f60239-53d8-4909-8bbb-50a79150a492)] -> xpath: //input[@id='wag-RXUser-lastname']]<br><br/>
tenzinbmx@gmail.com : This values has been passed into ---> [[FirefoxDriver: firefox on MAC (e5f60239-53d8-4909-8bbb-50a79150a492)] -> xpath: //input[@id='wag-email']]<br><br/>
Walgreens123 : This values has been passed into ---> [[FirefoxDriver: firefox on MAC (e5f60239-53d8-4909-8bbb-50a79150a492)] -> xpath: //input[@id='wag-password']]<br><br/>
[[FirefoxDriver: firefox on MAC (e5f60239-53d8-4909-8bbb-50a79150a492)] -> xpath: //input[@id='wag-terms-checkbox']] : This element has been clicked<br><br/>
Waiting for the element to be clickable ---> [[FirefoxDriver: firefox on MAC (e5f60239-53d8-4909-8bbb-50a79150a492)] -> xpath: //a[@id='wag-rxuser-continue-btm']]<br><br/>
[[FirefoxDriver: firefox on MAC (e5f60239-53d8-4909-8bbb-50a79150a492)] -> xpath: //a[@id='wag-rxuser-continue-btm']] : This element has been clicked<br><br/>
</div>
</td>
<td></td>
<td>5</td>
<td>com.walgreens.qa.register.RegistrationTestParameter@b7dd107</td></tr>
</table><p>
<table width='100%' border='1' class='invocation-skipped'>
<tr><td colspan='4' align='center'><b>SKIPPED TESTS</b></td></tr>
<tr><td><b>Test method</b></td>
<td width="30%"><b>Exception</b></td>
<td width="10%"><b>Time (seconds)</b></td>
<td><b>Instance</b></td>
</tr>
<tr>
<td title='com.walgreens.qa.register.RegistrationTestParameter.register()'><b>register</b><br>Test class: com.walgreens.qa.register.RegistrationTestParameter</td>
<td><div><pre>org.openqa.selenium.SessionNotCreatedException: Could not start a new session. Response code 500. Message: Could not create a session: You must enable the &apos;Allow Remote Automation&apos; option in Safari&apos;s Develop menu to control Safari via WebDriver.
Build info: version: &apos;4.3.0&apos;, revision: &apos;a4995e2c09*&apos;
System info: host: &apos;Tenzins-MacBook-Pro.local&apos;, ip: &apos;fe80:0:0:0:1437:3389:ce4d:7b3a%en0&apos;, os.name: &apos;Mac OS X&apos;, os.arch: &apos;x86_64&apos;, os.version: &apos;12.4&apos;, java.version: &apos;1.8.0_341&apos;
Driver info: org.openqa.selenium.safari.SafariDriver
Command: [null, newSession {capabilities=[Capabilities {browserName: safari}], desiredCapabilities=Capabilities {browserName: safari}}]
Capabilities {}
	at org.openqa.selenium.remote.ProtocolHandshake.createSession(ProtocolHandshake.java:144)
	at org.openqa.selenium.remote.ProtocolHandshake.createSession(ProtocolHandshake.java:102)
	at org.openqa.selenium.remote.ProtocolHandshake.createSession(ProtocolHandshake.java:67)
	at org.openqa.selenium.remote.HttpCommandExecutor.execute(HttpCommandExecutor.java:156)
	at org.openqa.selenium.remote.service.DriverCommandExecutor.invokeExecute(DriverCommandExecutor.java:167)
	at org.openqa.selenium.remote.service.DriverCommandExecutor.execute(DriverCommandExecutor.java:142)
	at org.openqa.selenium.remote.RemoteWebDriver.execute(RemoteWebDriver.java:569)
	at org.openqa.selenium.remote.RemoteWebDriver.startSession(RemoteWebDriver.java:264)
	at org.openqa.selenium.remote.RemoteWebDriver.&lt;init&gt;(RemoteWebDriver.java:179)
	at org.openqa.selenium.safari.SafariDriver.&lt;init&gt;(SafariDriver.java:79)
	at org.openqa.selenium.safari.SafariDriver.&lt;init&gt;(SafariDriver.java:58)
	at org.openqa.selenium.safari.SafariDriver.&lt;init&gt;(SafariDriver.java:49)
	at com.walgreens.qa.base.BaseClass.localDriver(BaseClass.java:62)
	at com.walgreens.qa.base.BaseClass.setup(BaseClass.java:38)
	at java.util.ArrayList.forEach(ArrayList.java:1259)
... Removed 31 stack frames</pre></div><a href='#' onClick='toggleBox("stack-trace1819897025", this, "Click to show all stack frames", "Click to hide stack frames")'>Click to show all stack frames</a>
<div class='stack-trace' id='stack-trace1819897025'><pre>org.openqa.selenium.SessionNotCreatedException: Could not start a new session. Response code 500. Message: Could not create a session: You must enable the &apos;Allow Remote Automation&apos; option in Safari&apos;s Develop menu to control Safari via WebDriver.
Build info: version: &apos;4.3.0&apos;, revision: &apos;a4995e2c09*&apos;
System info: host: &apos;Tenzins-MacBook-Pro.local&apos;, ip: &apos;fe80:0:0:0:1437:3389:ce4d:7b3a%en0&apos;, os.name: &apos;Mac OS X&apos;, os.arch: &apos;x86_64&apos;, os.version: &apos;12.4&apos;, java.version: &apos;1.8.0_341&apos;
Driver info: org.openqa.selenium.safari.SafariDriver
Command: [null, newSession {capabilities=[Capabilities {browserName: safari}], desiredCapabilities=Capabilities {browserName: safari}}]
Capabilities {}
	at org.openqa.selenium.remote.ProtocolHandshake.createSession(ProtocolHandshake.java:144)
	at org.openqa.selenium.remote.ProtocolHandshake.createSession(ProtocolHandshake.java:102)
	at org.openqa.selenium.remote.ProtocolHandshake.createSession(ProtocolHandshake.java:67)
	at org.openqa.selenium.remote.HttpCommandExecutor.execute(HttpCommandExecutor.java:156)
	at org.openqa.selenium.remote.service.DriverCommandExecutor.invokeExecute(DriverCommandExecutor.java:167)
	at org.openqa.selenium.remote.service.DriverCommandExecutor.execute(DriverCommandExecutor.java:142)
	at org.openqa.selenium.remote.RemoteWebDriver.execute(RemoteWebDriver.java:569)
	at org.openqa.selenium.remote.RemoteWebDriver.startSession(RemoteWebDriver.java:264)
	at org.openqa.selenium.remote.RemoteWebDriver.&lt;init&gt;(RemoteWebDriver.java:179)
	at org.openqa.selenium.safari.SafariDriver.&lt;init&gt;(SafariDriver.java:79)
	at org.openqa.selenium.safari.SafariDriver.&lt;init&gt;(SafariDriver.java:58)
	at org.openqa.selenium.safari.SafariDriver.&lt;init&gt;(SafariDriver.java:49)
	at com.walgreens.qa.base.BaseClass.localDriver(BaseClass.java:62)
	at com.walgreens.qa.base.BaseClass.setup(BaseClass.java:38)
	at sun.reflect.NativeMethodAccessorImpl.invoke0(Native Method)
	at sun.reflect.NativeMethodAccessorImpl.invoke(NativeMethodAccessorImpl.java:62)
	at sun.reflect.DelegatingMethodAccessorImpl.invoke(DelegatingMethodAccessorImpl.java:43)
	at java.lang.reflect.Method.invoke(Method.java:498)
	at org.testng.internal.MethodInvocationHelper.invokeMethod(MethodInvocationHelper.java:134)
	at org.testng.internal.MethodInvocationHelper.invokeMethodConsideringTimeout(MethodInvocationHelper.java:63)
	at org.testng.internal.ConfigInvoker.invokeConfigurationMethod(ConfigInvoker.java:348)
	at org.testng.internal.ConfigInvoker.invokeConfigurations(ConfigInvoker.java:302)
	at org.testng.internal.TestInvoker.runConfigMethods(TestInvoker.java:695)
	at org.testng.internal.TestInvoker.invokeMethod(TestInvoker.java:523)
	at org.testng.internal.TestInvoker.invokeTestMethod(TestInvoker.java:173)
	at org.testng.internal.MethodRunner.runInSequence(MethodRunner.java:46)
	at org.testng.internal.TestInvoker$MethodInvocationAgent.invoke(TestInvoker.java:816)
	at org.testng.internal.TestInvoker.invokeTestMethods(TestInvoker.java:146)
	at org.testng.internal.TestMethodWorker.invokeTestMethods(TestMethodWorker.java:146)
	at org.testng.internal.TestMethodWorker.run(TestMethodWorker.java:128)
	at java.util.ArrayList.forEach(ArrayList.java:1259)
	at org.testng.TestRunner.privateRun(TestRunner.java:766)
	at org.testng.TestRunner.run(TestRunner.java:587)
	at org.testng.SuiteRunner.runTest(SuiteRunner.java:384)
	at org.testng.SuiteRunner.runSequentially(SuiteRunner.java:378)
	at org.testng.SuiteRunner.privateRun(SuiteRunner.java:337)
	at org.testng.SuiteRunner.run(SuiteRunner.java:286)
	at org.testng.SuiteRunnerWorker.runSuite(SuiteRunnerWorker.java:53)
	at org.testng.SuiteRunnerWorker.run(SuiteRunnerWorker.java:96)
	at org.testng.TestNG.runSuitesSequentially(TestNG.java:1187)
	at org.testng.TestNG.runSuitesLocally(TestNG.java:1109)
	at org.testng.TestNG.runSuites(TestNG.java:1039)
	at org.testng.TestNG.run(TestNG.java:1007)
	at org.testng.remote.AbstractRemoteTestNG.run(AbstractRemoteTestNG.java:115)
	at org.testng.remote.RemoteTestNG.initAndRun(RemoteTestNG.java:251)
	at org.testng.remote.RemoteTestNG.main(RemoteTestNG.java:77)
</pre></div></td>
<td>0</td>
<td>com.walgreens.qa.register.RegistrationTestParameter@43bd930a</td></tr>
</table><p>
</body>
</html>